[debug] [2023-01-27T10:35:38.940Z] ----------------------------------------------------------------------
[debug] [2023-01-27T10:35:38.941Z] Command:       C:\Program Files\nodejs\node.exe C:\Users\chayo\AppData\Roaming\npm\node_modules\firebase-tools\lib\bin\firebase.js deploy
[debug] [2023-01-27T10:35:38.941Z] CLI Version:   11.16.0
[debug] [2023-01-27T10:35:38.941Z] Platform:      win32
[debug] [2023-01-27T10:35:38.941Z] Node Version:  v16.15.1
[debug] [2023-01-27T10:35:38.942Z] Time:          Fri Jan 27 2023 16:35:38 GMT+0600 (Bangladesh Standard Time)
[debug] [2023-01-27T10:35:38.942Z] ----------------------------------------------------------------------
[debug] 
[debug] [2023-01-27T10:35:38.944Z] >>> [apiv2][query] GET https://firebase-public.firebaseio.com/cli.json [none]
[debug] [2023-01-27T10:35:39.010Z] > command requires scopes: ["email","openid","https://www.googleapis.com/auth/cloudplatformprojects.readonly","https://www.googleapis.com/auth/firebase","https://www.googleapis.com/auth/cloud-platform"]
[debug] [2023-01-27T10:35:39.011Z] > authorizing via signed-in user (chayonghosh2000@gmail.com)
[debug] [2023-01-27T10:35:39.011Z] [iam] checking project codersstackbox-c9449 for permissions ["firebase.projects.get","firebasehosting.sites.update"]
[debug] [2023-01-27T10:35:39.012Z] > refreshing access token with scopes: []
[debug] [2023-01-27T10:35:39.013Z] >>> [apiv2][query] POST https://www.googleapis.com/oauth2/v3/token [none]
[debug] [2023-01-27T10:35:39.013Z] >>> [apiv2][body] POST https://www.googleapis.com/oauth2/v3/token [omitted]
[debug] [2023-01-27T10:35:39.811Z] <<< [apiv2][status] GET https://firebase-public.firebaseio.com/cli.json 200
[debug] [2023-01-27T10:35:39.811Z] <<< [apiv2][body] GET https://firebase-public.firebaseio.com/cli.json {"cloudBuildErrorAfter":1594252800000,"cloudBuildWarnAfter":1590019200000,"defaultNode10After":1594252800000,"minVersion":"3.0.5","node8DeploysDisabledAfter":1613390400000,"node8RuntimeDisabledAfter":1615809600000,"node8WarnAfter":1600128000000}
[debug] [2023-01-27T10:35:39.823Z] <<< [apiv2][status] POST https://www.googleapis.com/oauth2/v3/token 200
[debug] [2023-01-27T10:35:39.823Z] <<< [apiv2][body] POST https://www.googleapis.com/oauth2/v3/token [omitted]
[debug] [2023-01-27T10:35:39.830Z] >>> [apiv2][query] POST https://cloudresourcemanager.googleapis.com/v1/projects/codersstackbox-c9449:testIamPermissions [none]
[debug] [2023-01-27T10:35:39.830Z] >>> [apiv2][(partial)header] POST https://cloudresourcemanager.googleapis.com/v1/projects/codersstackbox-c9449:testIamPermissions x-goog-quota-user=projects/codersstackbox-c9449
[debug] [2023-01-27T10:35:39.830Z] >>> [apiv2][body] POST https://cloudresourcemanager.googleapis.com/v1/projects/codersstackbox-c9449:testIamPermissions {"permissions":["firebase.projects.get","firebasehosting.sites.update"]}
[debug] [2023-01-27T10:35:41.641Z] <<< [apiv2][status] POST https://cloudresourcemanager.googleapis.com/v1/projects/codersstackbox-c9449:testIamPermissions 200
[debug] [2023-01-27T10:35:41.641Z] <<< [apiv2][body] POST https://cloudresourcemanager.googleapis.com/v1/projects/codersstackbox-c9449:testIamPermissions {}
[debug] [2023-01-27T10:35:41.641Z] [iam] error while checking permissions, command may fail: FirebaseError: Authorization failed. This account is missing the following required permissions on project codersstackbox-c9449:

  firebase.projects.get
  firebasehosting.sites.update
[debug] [2023-01-27T10:35:41.642Z] >>> [apiv2][query] GET https://firebase.googleapis.com/v1beta1/projects/codersstackbox-c9449 [none]
[debug] [2023-01-27T10:35:42.313Z] <<< [apiv2][status] GET https://firebase.googleapis.com/v1beta1/projects/codersstackbox-c9449 403
[debug] [2023-01-27T10:35:42.313Z] <<< [apiv2][body] GET https://firebase.googleapis.com/v1beta1/projects/codersstackbox-c9449 {"error":{"code":403,"message":"The caller does not have permission","status":"PERMISSION_DENIED"}}
[debug] [2023-01-27T10:35:42.314Z] HTTP Error: 403, The caller does not have permission
[debug] [2023-01-27T10:35:42.618Z] FirebaseError: HTTP Error: 403, The caller does not have permission
    at responseToError (C:\Users\chayo\AppData\Roaming\npm\node_modules\firebase-tools\lib\responseToError.js:49:12)
    at RetryOperation._fn (C:\Users\chayo\AppData\Roaming\npm\node_modules\firebase-tools\lib\apiv2.js:288:77)
    at processTicksAndRejections (node:internal/process/task_queues:96:5)
[error] 
[error] Error: Failed to get Firebase project codersstackbox-c9449. Please make sure the project exists and your account has permission to access it.
